<?xml version="1.0" encoding="UTF-8"?>
<testsuite xmlns:xsi="http://www.w3.org/2001/XMLSchema-instance" xsi:noNamespaceSchemaLocation="https://maven.apache.org/surefire/maven-surefire-plugin/xsd/surefire-test-report.xsd" name="com.atguigu.car.test.SpringTest" time="2.609" tests="2" errors="0" skipped="0" failures="0">
  <properties>
    <property name="sun.desktop" value="windows"/>
    <property name="awt.toolkit" value="sun.awt.windows.WToolkit"/>
    <property name="file.encoding.pkg" value="sun.io"/>
    <property name="java.specification.version" value="1.8"/>
    <property name="sun.cpu.isalist" value="amd64"/>
    <property name="sun.jnu.encoding" value="GBK"/>
    <property name="java.class.path" value="G:\IdeaProjects\car_rent\car-main\target\test-classes;G:\IdeaProjects\car_rent\car-main\target\classes;G:\IdeaProjects\car_rent\car-manager-impl\target\car-manager-impl-1.0-SNAPSHOT.jar;G:\LocalRepository\org\apache\commons\commons-pool2\2.6.1\commons-pool2-2.6.1.jar;G:\LocalRepository\redis\clients\jedis\2.9.0\jedis-2.9.0.jar;G:\IdeaProjects\car_rent\car-manager-api\target\car-manager-api-1.0-SNAPSHOT.jar;G:\IdeaProjects\car_rent\car-bean\target\car-bean-1.0-SNAPSHOT.jar;G:\IdeaProjects\car_rent\car-commons\target\car-commons-1.0-SNAPSHOT.jar;G:\LocalRepository\commons-io\commons-io\2.5\commons-io-2.5.jar;G:\LocalRepository\org\apache\commons\commons-lang3\3.6\commons-lang3-3.6.jar;G:\LocalRepository\commons-codec\commons-codec\1.10\commons-codec-1.10.jar;G:\LocalRepository\commons-beanutils\commons-beanutils\1.9.3\commons-beanutils-1.9.3.jar;G:\LocalRepository\commons-logging\commons-logging\1.2\commons-logging-1.2.jar;G:\LocalRepository\commons-collections\commons-collections\3.2.2\commons-collections-3.2.2.jar;G:\LocalRepository\org\apache\commons\commons-math3\3.6.1\commons-math3-3.6.1.jar;G:\LocalRepository\commons-fileupload\commons-fileupload\1.3.2\commons-fileupload-1.3.2.jar;G:\LocalRepository\org\apache\commons\commons-email\1.4\commons-email-1.4.jar;G:\LocalRepository\com\sun\mail\javax.mail\1.5.2\javax.mail-1.5.2.jar;G:\LocalRepository\javax\activation\activation\1.1.1\activation-1.1.1.jar;G:\LocalRepository\org\springframework\spring-beans\5.2.5.RELEASE\spring-beans-5.2.5.RELEASE.jar;G:\LocalRepository\org\springframework\spring-tx\5.2.5.RELEASE\spring-tx-5.2.5.RELEASE.jar;G:\LocalRepository\org\springframework\spring-web\5.2.5.RELEASE\spring-web-5.2.5.RELEASE.jar;G:\LocalRepository\org\springframework\spring-webmvc\5.2.5.RELEASE\spring-webmvc-5.2.5.RELEASE.jar;G:\LocalRepository\org\springframework\spring-aop\5.2.5.RELEASE\spring-aop-5.2.5.RELEASE.jar;G:\LocalRepository\org\springframework\spring-expression\5.2.5.RELEASE\spring-expression-5.2.5.RELEASE.jar;G:\LocalRepository\org\springframework\spring-core\5.2.5.RELEASE\spring-core-5.2.5.RELEASE.jar;G:\LocalRepository\org\springframework\spring-jcl\5.2.5.RELEASE\spring-jcl-5.2.5.RELEASE.jar;G:\LocalRepository\org\springframework\spring-context\5.2.5.RELEASE\spring-context-5.2.5.RELEASE.jar;G:\LocalRepository\org\springframework\spring-jdbc\5.2.5.RELEASE\spring-jdbc-5.2.5.RELEASE.jar;G:\LocalRepository\org\springframework\spring-aspects\5.2.5.RELEASE\spring-aspects-5.2.5.RELEASE.jar;G:\LocalRepository\org\aspectj\aspectjweaver\1.9.5\aspectjweaver-1.9.5.jar;G:\LocalRepository\org\springframework\spring-orm\5.2.5.RELEASE\spring-orm-5.2.5.RELEASE.jar;G:\LocalRepository\org\springframework\spring-context-support\5.2.5.RELEASE\spring-context-support-5.2.5.RELEASE.jar;G:\LocalRepository\org\mybatis\mybatis\3.5.1\mybatis-3.5.1.jar;G:\LocalRepository\org\mybatis\mybatis-spring\1.3.1\mybatis-spring-1.3.1.jar;G:\LocalRepository\com\github\pagehelper\pagehelper\5.0.3\pagehelper-5.0.3.jar;G:\LocalRepository\com\github\jsqlparser\jsqlparser\1.0\jsqlparser-1.0.jar;G:\LocalRepository\com\alibaba\druid\1.1.0\druid-1.1.0.jar;G:\program\jdk-8u131\jre\..\lib\jconsole.jar;G:\program\jdk-8u131\jre\..\lib\tools.jar;G:\LocalRepository\org\springframework\security\spring-security-taglibs\5.2.0.RELEASE\spring-security-taglibs-5.2.0.RELEASE.jar;G:\LocalRepository\org\springframework\security\spring-security-acl\5.2.0.RELEASE\spring-security-acl-5.2.0.RELEASE.jar;G:\LocalRepository\org\springframework\security\spring-security-core\5.2.0.RELEASE\spring-security-core-5.2.0.RELEASE.jar;G:\LocalRepository\org\springframework\security\spring-security-web\5.2.0.RELEASE\spring-security-web-5.2.0.RELEASE.jar;G:\LocalRepository\org\springframework\security\spring-security-config\5.2.0.RELEASE\spring-security-config-5.2.0.RELEASE.jar;G:\LocalRepository\javax\servlet\jsp\jsp-api\2.2\jsp-api-2.2.jar;G:\LocalRepository\javax\servlet\servlet-api\2.5\servlet-api-2.5.jar;G:\LocalRepository\javax\servlet\jstl\1.2\jstl-1.2.jar;G:\LocalRepository\mysql\mysql-connector-java\5.1.42\mysql-connector-java-5.1.42.jar;G:\LocalRepository\org\mybatis\generator\mybatis-generator-core\1.3.5\mybatis-generator-core-1.3.5.jar;G:\LocalRepository\junit\junit\4.12\junit-4.12.jar;G:\LocalRepository\org\hamcrest\hamcrest-core\1.3\hamcrest-core-1.3.jar;G:\LocalRepository\org\springframework\spring-test\5.2.5.RELEASE\spring-test-5.2.5.RELEASE.jar;G:\LocalRepository\com\fasterxml\jackson\core\jackson-core\2.10.1\jackson-core-2.10.1.jar;G:\LocalRepository\com\fasterxml\jackson\core\jackson-annotations\2.10.2\jackson-annotations-2.10.2.jar;G:\LocalRepository\com\fasterxml\jackson\core\jackson-databind\2.10.1\jackson-databind-2.10.1.jar;"/>
    <property name="java.vm.vendor" value="Oracle Corporation"/>
    <property name="sun.arch.data.model" value="64"/>
    <property name="user.variant" value=""/>
    <property name="java.vendor.url" value="http://java.oracle.com/"/>
    <property name="user.timezone" value="GMT+08:00"/>
    <property name="java.vm.specification.version" value="1.8"/>
    <property name="os.name" value="Windows 10"/>
    <property name="user.country" value="CN"/>
    <property name="sun.java.launcher" value="SUN_STANDARD"/>
    <property name="sun.boot.library.path" value="G:\program\jdk-8u131\jre\bin"/>
    <property name="sun.java.command" value="C:\Users\87217\AppData\Local\Temp\surefire6683505813090559302\surefirebooter5678764093044494130.jar C:\Users\87217\AppData\Local\Temp\surefire6683505813090559302 2020-07-02T23-39-09_940-jvmRun1 surefire6202636281727178252tmp surefire_03578171688737353962tmp"/>
    <property name="surefire.test.class.path" value="G:\IdeaProjects\car_rent\car-main\target\test-classes;G:\IdeaProjects\car_rent\car-main\target\classes;G:\IdeaProjects\car_rent\car-manager-impl\target\car-manager-impl-1.0-SNAPSHOT.jar;G:\LocalRepository\org\apache\commons\commons-pool2\2.6.1\commons-pool2-2.6.1.jar;G:\LocalRepository\redis\clients\jedis\2.9.0\jedis-2.9.0.jar;G:\IdeaProjects\car_rent\car-manager-api\target\car-manager-api-1.0-SNAPSHOT.jar;G:\IdeaProjects\car_rent\car-bean\target\car-bean-1.0-SNAPSHOT.jar;G:\IdeaProjects\car_rent\car-commons\target\car-commons-1.0-SNAPSHOT.jar;G:\LocalRepository\commons-io\commons-io\2.5\commons-io-2.5.jar;G:\LocalRepository\org\apache\commons\commons-lang3\3.6\commons-lang3-3.6.jar;G:\LocalRepository\commons-codec\commons-codec\1.10\commons-codec-1.10.jar;G:\LocalRepository\commons-beanutils\commons-beanutils\1.9.3\commons-beanutils-1.9.3.jar;G:\LocalRepository\commons-logging\commons-logging\1.2\commons-logging-1.2.jar;G:\LocalRepository\commons-collections\commons-collections\3.2.2\commons-collections-3.2.2.jar;G:\LocalRepository\org\apache\commons\commons-math3\3.6.1\commons-math3-3.6.1.jar;G:\LocalRepository\commons-fileupload\commons-fileupload\1.3.2\commons-fileupload-1.3.2.jar;G:\LocalRepository\org\apache\commons\commons-email\1.4\commons-email-1.4.jar;G:\LocalRepository\com\sun\mail\javax.mail\1.5.2\javax.mail-1.5.2.jar;G:\LocalRepository\javax\activation\activation\1.1.1\activation-1.1.1.jar;G:\LocalRepository\org\springframework\spring-beans\5.2.5.RELEASE\spring-beans-5.2.5.RELEASE.jar;G:\LocalRepository\org\springframework\spring-tx\5.2.5.RELEASE\spring-tx-5.2.5.RELEASE.jar;G:\LocalRepository\org\springframework\spring-web\5.2.5.RELEASE\spring-web-5.2.5.RELEASE.jar;G:\LocalRepository\org\springframework\spring-webmvc\5.2.5.RELEASE\spring-webmvc-5.2.5.RELEASE.jar;G:\LocalRepository\org\springframework\spring-aop\5.2.5.RELEASE\spring-aop-5.2.5.RELEASE.jar;G:\LocalRepository\org\springframework\spring-expression\5.2.5.RELEASE\spring-expression-5.2.5.RELEASE.jar;G:\LocalRepository\org\springframework\spring-core\5.2.5.RELEASE\spring-core-5.2.5.RELEASE.jar;G:\LocalRepository\org\springframework\spring-jcl\5.2.5.RELEASE\spring-jcl-5.2.5.RELEASE.jar;G:\LocalRepository\org\springframework\spring-context\5.2.5.RELEASE\spring-context-5.2.5.RELEASE.jar;G:\LocalRepository\org\springframework\spring-jdbc\5.2.5.RELEASE\spring-jdbc-5.2.5.RELEASE.jar;G:\LocalRepository\org\springframework\spring-aspects\5.2.5.RELEASE\spring-aspects-5.2.5.RELEASE.jar;G:\LocalRepository\org\aspectj\aspectjweaver\1.9.5\aspectjweaver-1.9.5.jar;G:\LocalRepository\org\springframework\spring-orm\5.2.5.RELEASE\spring-orm-5.2.5.RELEASE.jar;G:\LocalRepository\org\springframework\spring-context-support\5.2.5.RELEASE\spring-context-support-5.2.5.RELEASE.jar;G:\LocalRepository\org\mybatis\mybatis\3.5.1\mybatis-3.5.1.jar;G:\LocalRepository\org\mybatis\mybatis-spring\1.3.1\mybatis-spring-1.3.1.jar;G:\LocalRepository\com\github\pagehelper\pagehelper\5.0.3\pagehelper-5.0.3.jar;G:\LocalRepository\com\github\jsqlparser\jsqlparser\1.0\jsqlparser-1.0.jar;G:\LocalRepository\com\alibaba\druid\1.1.0\druid-1.1.0.jar;G:\program\jdk-8u131\jre\..\lib\jconsole.jar;G:\program\jdk-8u131\jre\..\lib\tools.jar;G:\LocalRepository\org\springframework\security\spring-security-taglibs\5.2.0.RELEASE\spring-security-taglibs-5.2.0.RELEASE.jar;G:\LocalRepository\org\springframework\security\spring-security-acl\5.2.0.RELEASE\spring-security-acl-5.2.0.RELEASE.jar;G:\LocalRepository\org\springframework\security\spring-security-core\5.2.0.RELEASE\spring-security-core-5.2.0.RELEASE.jar;G:\LocalRepository\org\springframework\security\spring-security-web\5.2.0.RELEASE\spring-security-web-5.2.0.RELEASE.jar;G:\LocalRepository\org\springframework\security\spring-security-config\5.2.0.RELEASE\spring-security-config-5.2.0.RELEASE.jar;G:\LocalRepository\javax\servlet\jsp\jsp-api\2.2\jsp-api-2.2.jar;G:\LocalRepository\javax\servlet\servlet-api\2.5\servlet-api-2.5.jar;G:\LocalRepository\javax\servlet\jstl\1.2\jstl-1.2.jar;G:\LocalRepository\mysql\mysql-connector-java\5.1.42\mysql-connector-java-5.1.42.jar;G:\LocalRepository\org\mybatis\generator\mybatis-generator-core\1.3.5\mybatis-generator-core-1.3.5.jar;G:\LocalRepository\junit\junit\4.12\junit-4.12.jar;G:\LocalRepository\org\hamcrest\hamcrest-core\1.3\hamcrest-core-1.3.jar;G:\LocalRepository\org\springframework\spring-test\5.2.5.RELEASE\spring-test-5.2.5.RELEASE.jar;G:\LocalRepository\com\fasterxml\jackson\core\jackson-core\2.10.1\jackson-core-2.10.1.jar;G:\LocalRepository\com\fasterxml\jackson\core\jackson-annotations\2.10.2\jackson-annotations-2.10.2.jar;G:\LocalRepository\com\fasterxml\jackson\core\jackson-databind\2.10.1\jackson-databind-2.10.1.jar;"/>
    <property name="sun.cpu.endian" value="little"/>
    <property name="user.home" value="C:\Users\87217"/>
    <property name="user.language" value="zh"/>
    <property name="java.specification.vendor" value="Oracle Corporation"/>
    <property name="java.home" value="G:\program\jdk-8u131\jre"/>
    <property name="basedir" value="G:\IdeaProjects\car_rent\car-main"/>
    <property name="file.separator" value="\"/>
    <property name="line.separator" value="&#10;"/>
    <property name="java.vm.specification.vendor" value="Oracle Corporation"/>
    <property name="java.specification.name" value="Java Platform API Specification"/>
    <property name="java.awt.graphicsenv" value="sun.awt.Win32GraphicsEnvironment"/>
    <property name="surefire.real.class.path" value="C:\Users\87217\AppData\Local\Temp\surefire6683505813090559302\surefirebooter5678764093044494130.jar"/>
    <property name="sun.boot.class.path" value="G:\program\jdk-8u131\jre\lib\resources.jar;G:\program\jdk-8u131\jre\lib\rt.jar;G:\program\jdk-8u131\jre\lib\sunrsasign.jar;G:\program\jdk-8u131\jre\lib\jsse.jar;G:\program\jdk-8u131\jre\lib\jce.jar;G:\program\jdk-8u131\jre\lib\charsets.jar;G:\program\jdk-8u131\jre\lib\jfr.jar;G:\program\jdk-8u131\jre\classes"/>
    <property name="user.script" value=""/>
    <property name="sun.management.compiler" value="HotSpot 64-Bit Tiered Compilers"/>
    <property name="java.runtime.version" value="1.8.0_131-b11"/>
    <property name="user.name" value="87217"/>
    <property name="path.separator" value=";"/>
    <property name="os.version" value="10.0"/>
    <property name="java.endorsed.dirs" value="G:\program\jdk-8u131\jre\lib\endorsed"/>
    <property name="java.runtime.name" value="Java(TM) SE Runtime Environment"/>
    <property name="file.encoding" value="GBK"/>
    <property name="java.vm.name" value="Java HotSpot(TM) 64-Bit Server VM"/>
    <property name="localRepository" value="G:\LocalRepository"/>
    <property name="java.vendor.url.bug" value="http://bugreport.sun.com/bugreport/"/>
    <property name="java.io.tmpdir" value="C:\Users\87217\AppData\Local\Temp\"/>
    <property name="java.version" value="1.8.0_131"/>
    <property name="user.dir" value="G:\IdeaProjects\car_rent\car-main"/>
    <property name="os.arch" value="amd64"/>
    <property name="java.vm.specification.name" value="Java Virtual Machine Specification"/>
    <property name="java.awt.printerjob" value="sun.awt.windows.WPrinterJob"/>
    <property name="sun.os.patch.level" value=""/>
    <property name="idea.version2019.3.3" value="true"/>
    <property name="java.library.path" value="G:\program\jdk-8u131\jre\bin;C:\WINDOWS\Sun\Java\bin;C:\WINDOWS\system32;C:\WINDOWS;C:\ProgramData\Oracle\Java\javapath;G:\program\jdk-8u131\bin;G:\program\jdk-8u131\jre\bin;C:\Program Files (x86)\Intel\iCLS Client\;C:\Program Files\Intel\iCLS Client\;C:\windows\system32;C:\windows;C:\windows\System32\Wbem;C:\windows\System32\WindowsPowerShell\v1.0\;C:\Program Files (x86)\Intel\Intel(R) Management Engine Components\DAL;C:\Program Files\Intel\Intel(R) Management Engine Components\DAL;C:\Program Files (x86)\Intel\Intel(R) Management Engine Components\IPT;C:\Program Files\Intel\Intel(R) Management Engine Components\IPT;C:\WINDOWS\system32;C:\WINDOWS;C:\WINDOWS\System32\Wbem;C:\WINDOWS\System32\WindowsPowerShell\v1.0\;C:\WINDOWS\System32\OpenSSH\;C:\Program Files\Microsoft SQL Server\Client SDK\ODBC\110\Tools\Binn\;C:\Program Files (x86)\Microsoft SQL Server\120\Tools\Binn\;C:\Program Files\Microsoft SQL Server\120\Tools\Binn\;C:\Program Files\Microsoft SQL Server\120\DTS\Binn\;C:\Program Files (x86)\Windows Kits\8.1\Windows Performance Toolkit\;C:\Program Files\Intel\WiFi\bin\;C:\Program Files\Common Files\Intel\WirelessCommon\;C:\Program Files\Common Files\Autodesk Shared\;F:\mysql\bin;G:\program\maven\apache-maven-3.5.4\bin;C:\Users\87217\AppData\Local\Microsoft\WindowsApps;;G:\program\JetBrains\IntelliJ IDEA 2019.3.3\bin;;."/>
    <property name="java.vm.info" value="mixed mode"/>
    <property name="java.vendor" value="Oracle Corporation"/>
    <property name="java.vm.version" value="25.131-b11"/>
    <property name="java.ext.dirs" value="G:\program\jdk-8u131\jre\lib\ext;C:\WINDOWS\Sun\Java\lib\ext"/>
    <property name="sun.io.unicode.encoding" value="UnicodeLittle"/>
    <property name="maven.repo.local" value="G:\LocalRepository"/>
    <property name="java.class.version" value="52.0"/>
  </properties>
  <testcase name="test02" classname="com.atguigu.car.test.SpringTest" time="0.015"/>
  <testcase name="test" classname="com.atguigu.car.test.SpringTest" time="0.001"/>
</testsuite>